
2018-01-10 15:41:24
[WARN]-[Thread: main]-[org.apache.jena.riot.system.ErrorHandlerFactory$ErrorLogger.logWarning()]: [line: 1, col: 23] {W129} Encoding on InputStreamReader or FileReader does not match that of XML document. Use FileInputStream. [GBK != UTF]

2018-01-10 15:41:24
[WARN]-[Thread: main]-[org.apache.jena.riot.system.ErrorHandlerFactory$ErrorLogger.logWarning()]: [line: 10, col: 60] {W107} Bad URI: <http://ccip.ucas.ac.cn/resource#çˆ±å°šæ¸¸åŒ—äº¬ç§‘æŠ?è‚¡ä»½æœ‰é™å…¬å¸çš„ä¼ä¸šæ¦‚å†?> Code: 50/PRIVATE_USE_CHARACTER in FRAGMENT: TODO

2018-01-10 15:41:24
[ERROR]-[Thread: main]-[org.apache.jena.riot.system.ErrorHandlerFactory$ErrorLogger.logError()]: [line: 10, col: 60] {E210} Encoding error with non-ascii characters.

2018-01-10 15:42:19
[WARN]-[Thread: main]-[org.apache.jena.riot.system.ErrorHandlerFactory$ErrorLogger.logWarning()]: [line: 125, col: 54] {W107} Bad URI: <http://ccip.ucas.ac.cn/resource#2016å¹´æœ«çˆ±å°šæ¸¸åŒ—äº¬ç§‘æŠ€è‚¡ä»½æœ‰é™å…¬å¸å…¬å¸è‚¡ä¸œï¼šæ ¼æ—¥å‹’> Code: 47/NOT_NFKC in FRAGMENT: The IRI is not in Unicode Normal Form KC.

2018-01-10 15:42:19
[WARN]-[Thread: main]-[org.apache.jena.riot.system.ErrorHandlerFactory$ErrorLogger.logWarning()]: [line: 125, col: 54] {W107} Bad URI: <http://ccip.ucas.ac.cn/resource#2016å¹´æœ«çˆ±å°šæ¸¸åŒ—äº¬ç§‘æŠ€è‚¡ä»½æœ‰é™å…¬å¸å…¬å¸è‚¡ä¸œï¼šæ ¼æ—¥å‹’> Code: 56/COMPATIBILITY_CHARACTER in FRAGMENT: Bad character

2018-01-10 15:42:19
[WARN]-[Thread: main]-[org.apache.jena.riot.system.ErrorHandlerFactory$ErrorLogger.logWarning()]: [line: 125, col: 54] {W108} Not an XML Name: '2016å¹´æœ«çˆ±å°šæ¸¸åŒ—äº¬ç§‘æŠ€è‚¡ä»½æœ‰é™å…¬å¸å…¬å¸è‚¡ä¸œï¼šæ ¼æ—¥å‹’'

2018-01-10 15:42:19
[WARN]-[Thread: main]-[org.apache.jena.riot.system.ErrorHandlerFactory$ErrorLogger.logWarning()]: [line: 135, col: 56] {W107} Bad URI: <http://ccip.ucas.ac.cn/resource#2016å¹´æœ«çˆ±å°šæ¸¸åŒ—äº¬ç§‘æŠ€è‚¡ä»½æœ‰é™å…¬å¸å…¬å¸è‚¡ä¸œï¼šé»æ±Ÿæ²³> Code: 47/NOT_NFKC in FRAGMENT: The IRI is not in Unicode Normal Form KC.

2018-01-10 15:42:19
[WARN]-[Thread: main]-[org.apache.jena.riot.system.ErrorHandlerFactory$ErrorLogger.logWarning()]: [line: 135, col: 56] {W107} Bad URI: <http://ccip.ucas.ac.cn/resource#2016å¹´æœ«çˆ±å°šæ¸¸åŒ—äº¬ç§‘æŠ€è‚¡ä»½æœ‰é™å…¬å¸å…¬å¸è‚¡ä¸œï¼šé»æ±Ÿæ²³> Code: 56/COMPATIBILITY_CHARACTER in FRAGMENT: Bad character

2018-01-10 15:42:19
[WARN]-[Thread: main]-[org.apache.jena.riot.system.ErrorHandlerFactory$ErrorLogger.logWarning()]: [line: 135, col: 56] {W108} Not an XML Name: '2016å¹´æœ«çˆ±å°šæ¸¸åŒ—äº¬ç§‘æŠ€è‚¡ä»½æœ‰é™å…¬å¸å…¬å¸è‚¡ä¸œï¼šé»æ±Ÿæ²³'

2018-01-10 15:42:19
[WARN]-[Thread: main]-[org.apache.jena.riot.system.ErrorHandlerFactory$ErrorLogger.logWarning()]: [line: 145, col: 71] {W107} Bad URI: <http://ccip.ucas.ac.cn/resource#2016å¹´æœ«çˆ±å°šæ¸¸åŒ—äº¬ç§‘æŠ€è‚¡ä»½æœ‰é™å…¬å¸å…¬å¸è‚¡ä¸œï¼šåŒ—äº¬åŒåˆ›å…±äº«åˆ›ä¸šæŠ•èµ„ä¸­å¿ƒ(æœ‰é™åˆä¼™)> Code: 47/NOT_NFKC in FRAGMENT: The IRI is not in Unicode Normal Form KC.

2018-01-10 15:42:19
[WARN]-[Thread: main]-[org.apache.jena.riot.system.ErrorHandlerFactory$ErrorLogger.logWarning()]: [line: 145, col: 71] {W107} Bad URI: <http://ccip.ucas.ac.cn/resource#2016å¹´æœ«çˆ±å°šæ¸¸åŒ—äº¬ç§‘æŠ€è‚¡ä»½æœ‰é™å…¬å¸å…¬å¸è‚¡ä¸œï¼šåŒ—äº¬åŒåˆ›å…±äº«åˆ›ä¸šæŠ•èµ„ä¸­å¿ƒ(æœ‰é™åˆä¼™)> Code: 56/COMPATIBILITY_CHARACTER in FRAGMENT: Bad character

2018-01-10 15:42:19
[WARN]-[Thread: main]-[org.apache.jena.riot.system.ErrorHandlerFactory$ErrorLogger.logWarning()]: [line: 145, col: 71] {W108} Not an XML Name: '2016å¹´æœ«çˆ±å°šæ¸¸åŒ—äº¬ç§‘æŠ€è‚¡ä»½æœ‰é™å…¬å¸å…¬å¸è‚¡ä¸œï¼šåŒ—äº¬åŒåˆ›å…±äº«åˆ›ä¸šæŠ•èµ„ä¸­å¿ƒ(æœ‰é™åˆä¼™)'

2018-01-10 15:42:19
[WARN]-[Thread: main]-[org.apache.jena.riot.system.ErrorHandlerFactory$ErrorLogger.logWarning()]: [line: 155, col: 55] {W107} Bad URI: <http://ccip.ucas.ac.cn/resource#2016å¹´æœ«çˆ±å°šæ¸¸åŒ—äº¬ç§‘æŠ€è‚¡ä»½æœ‰é™å…¬å¸å…¬å¸è‚¡ä¸œï¼šè°¢æ³¢> Code: 47/NOT_NFKC in FRAGMENT: The IRI is not in Unicode Normal Form KC.

2018-01-10 15:42:19
[WARN]-[Thread: main]-[org.apache.jena.riot.system.ErrorHandlerFactory$ErrorLogger.logWarning()]: [line: 155, col: 55] {W107} Bad URI: <http://ccip.ucas.ac.cn/resource#2016å¹´æœ«çˆ±å°šæ¸¸åŒ—äº¬ç§‘æŠ€è‚¡ä»½æœ‰é™å…¬å¸å…¬å¸è‚¡ä¸œï¼šè°¢æ³¢> Code: 56/COMPATIBILITY_CHARACTER in FRAGMENT: Bad character

2018-01-10 15:42:19
[WARN]-[Thread: main]-[org.apache.jena.riot.system.ErrorHandlerFactory$ErrorLogger.logWarning()]: [line: 155, col: 55] {W108} Not an XML Name: '2016å¹´æœ«çˆ±å°šæ¸¸åŒ—äº¬ç§‘æŠ€è‚¡ä»½æœ‰é™å…¬å¸å…¬å¸è‚¡ä¸œï¼šè°¢æ³¢'

2018-01-10 15:42:19
[WARN]-[Thread: main]-[org.apache.jena.riot.system.ErrorHandlerFactory$ErrorLogger.logWarning()]: [line: 164, col: 58] {W107} Bad URI: <http://ccip.ucas.ac.cn/resource#2016å¹´æœ«çˆ±å°šæ¸¸åŒ—äº¬ç§‘æŠ€è‚¡ä»½æœ‰é™å…¬å¸å…¬å¸è‚¡ä¸œï¼šç¨‹é™> Code: 47/NOT_NFKC in FRAGMENT: The IRI is not in Unicode Normal Form KC.

2018-01-10 15:42:19
[WARN]-[Thread: main]-[org.apache.jena.riot.system.ErrorHandlerFactory$ErrorLogger.logWarning()]: [line: 164, col: 58] {W107} Bad URI: <http://ccip.ucas.ac.cn/resource#2016å¹´æœ«çˆ±å°šæ¸¸åŒ—äº¬ç§‘æŠ€è‚¡ä»½æœ‰é™å…¬å¸å…¬å¸è‚¡ä¸œï¼šç¨‹é™> Code: 56/COMPATIBILITY_CHARACTER in FRAGMENT: Bad character

2018-01-10 15:42:19
[WARN]-[Thread: main]-[org.apache.jena.riot.system.ErrorHandlerFactory$ErrorLogger.logWarning()]: [line: 164, col: 58] {W108} Not an XML Name: '2016å¹´æœ«çˆ±å°šæ¸¸åŒ—äº¬ç§‘æŠ€è‚¡ä»½æœ‰é™å…¬å¸å…¬å¸è‚¡ä¸œï¼šç¨‹é™'

2018-01-10 15:42:19
[WARN]-[Thread: main]-[org.apache.jena.riot.system.ErrorHandlerFactory$ErrorLogger.logWarning()]: [line: 173, col: 60] {W107} Bad URI: <http://ccip.ucas.ac.cn/resource#2016å¹´æœ«çˆ±å°šæ¸¸åŒ—äº¬ç§‘æŠ€è‚¡ä»½æœ‰é™å…¬å¸å…¬å¸è‚¡ä¸œï¼šç‹å…ƒæ˜Š> Code: 47/NOT_NFKC in FRAGMENT: The IRI is not in Unicode Normal Form KC.

2018-01-10 15:42:19
[WARN]-[Thread: main]-[org.apache.jena.riot.system.ErrorHandlerFactory$ErrorLogger.logWarning()]: [line: 173, col: 60] {W107} Bad URI: <http://ccip.ucas.ac.cn/resource#2016å¹´æœ«çˆ±å°šæ¸¸åŒ—äº¬ç§‘æŠ€è‚¡ä»½æœ‰é™å…¬å¸å…¬å¸è‚¡ä¸œï¼šç‹å…ƒæ˜Š> Code: 56/COMPATIBILITY_CHARACTER in FRAGMENT: Bad character

2018-01-10 15:42:19
[WARN]-[Thread: main]-[org.apache.jena.riot.system.ErrorHandlerFactory$ErrorLogger.logWarning()]: [line: 173, col: 60] {W108} Not an XML Name: '2016å¹´æœ«çˆ±å°šæ¸¸åŒ—äº¬ç§‘æŠ€è‚¡ä»½æœ‰é™å…¬å¸å…¬å¸è‚¡ä¸œï¼šç‹å…ƒæ˜Š'

2018-01-10 15:42:19
[WARN]-[Thread: main]-[org.apache.jena.riot.system.ErrorHandlerFactory$ErrorLogger.logWarning()]: [line: 182, col: 57] {W107} Bad URI: <http://ccip.ucas.ac.cn/resource#2016å¹´æœ«çˆ±å°šæ¸¸åŒ—äº¬ç§‘æŠ€è‚¡ä»½æœ‰é™å…¬å¸å…¬å¸è‚¡ä¸œï¼šå¾å¦™æ ¹> Code: 47/NOT_NFKC in FRAGMENT: The IRI is not in Unicode Normal Form KC.

2018-01-10 15:42:19
[WARN]-[Thread: main]-[org.apache.jena.riot.system.ErrorHandlerFactory$ErrorLogger.logWarning()]: [line: 182, col: 57] {W107} Bad URI: <http://ccip.ucas.ac.cn/resource#2016å¹´æœ«çˆ±å°šæ¸¸åŒ—äº¬ç§‘æŠ€è‚¡ä»½æœ‰é™å…¬å¸å…¬å¸è‚¡ä¸œï¼šå¾å¦™æ ¹> Code: 56/COMPATIBILITY_CHARACTER in FRAGMENT: Bad character

2018-01-10 15:42:19
[WARN]-[Thread: main]-[org.apache.jena.riot.system.ErrorHandlerFactory$ErrorLogger.logWarning()]: [line: 182, col: 57] {W108} Not an XML Name: '2016å¹´æœ«çˆ±å°šæ¸¸åŒ—äº¬ç§‘æŠ€è‚¡ä»½æœ‰é™å…¬å¸å…¬å¸è‚¡ä¸œï¼šå¾å¦™æ ¹'

2018-01-10 15:42:19
[WARN]-[Thread: main]-[org.apache.jena.riot.system.ErrorHandlerFactory$ErrorLogger.logWarning()]: [line: 192, col: 73] {W107} Bad URI: <http://ccip.ucas.ac.cn/resource#2016å¹´æœ«çˆ±å°šæ¸¸åŒ—äº¬ç§‘æŠ€è‚¡ä»½æœ‰é™å…¬å¸å…¬å¸è‚¡ä¸œï¼šå…±é’åŸæ°´æ‰æŠ•èµ„ç®¡ç†åˆä¼™ä¼ä¸š(æœ‰é™åˆä¼™)> Code: 47/NOT_NFKC in FRAGMENT: The IRI is not in Unicode Normal Form KC.

2018-01-10 15:42:19
[WARN]-[Thread: main]-[org.apache.jena.riot.system.ErrorHandlerFactory$ErrorLogger.logWarning()]: [line: 192, col: 73] {W107} Bad URI: <http://ccip.ucas.ac.cn/resource#2016å¹´æœ«çˆ±å°šæ¸¸åŒ—äº¬ç§‘æŠ€è‚¡ä»½æœ‰é™å…¬å¸å…¬å¸è‚¡ä¸œï¼šå…±é’åŸæ°´æ‰æŠ•èµ„ç®¡ç†åˆä¼™ä¼ä¸š(æœ‰é™åˆä¼™)> Code: 56/COMPATIBILITY_CHARACTER in FRAGMENT: Bad character

2018-01-10 15:42:19
[WARN]-[Thread: main]-[org.apache.jena.riot.system.ErrorHandlerFactory$ErrorLogger.logWarning()]: [line: 192, col: 73] {W108} Not an XML Name: '2016å¹´æœ«çˆ±å°šæ¸¸åŒ—äº¬ç§‘æŠ€è‚¡ä»½æœ‰é™å…¬å¸å…¬å¸è‚¡ä¸œï¼šå…±é’åŸæ°´æ‰æŠ•èµ„ç®¡ç†åˆä¼™ä¼ä¸š(æœ‰é™åˆä¼™)'

2018-01-10 15:42:19
[WARN]-[Thread: main]-[org.apache.jena.riot.system.ErrorHandlerFactory$ErrorLogger.logWarning()]: [line: 202, col: 57] {W107} Bad URI: <http://ccip.ucas.ac.cn/resource#2016å¹´æœ«çˆ±å°šæ¸¸åŒ—äº¬ç§‘æŠ€è‚¡ä»½æœ‰é™å…¬å¸å…¬å¸è‚¡ä¸œï¼šå¾ç¦åº­> Code: 47/NOT_NFKC in FRAGMENT: The IRI is not in Unicode Normal Form KC.

2018-01-10 15:42:19
[WARN]-[Thread: main]-[org.apache.jena.riot.system.ErrorHandlerFactory$ErrorLogger.logWarning()]: [line: 202, col: 57] {W107} Bad URI: <http://ccip.ucas.ac.cn/resource#2016å¹´æœ«çˆ±å°šæ¸¸åŒ—äº¬ç§‘æŠ€è‚¡ä»½æœ‰é™å…¬å¸å…¬å¸è‚¡ä¸œï¼šå¾ç¦åº­> Code: 56/COMPATIBILITY_CHARACTER in FRAGMENT: Bad character

2018-01-10 15:42:19
[WARN]-[Thread: main]-[org.apache.jena.riot.system.ErrorHandlerFactory$ErrorLogger.logWarning()]: [line: 202, col: 57] {W108} Not an XML Name: '2016å¹´æœ«çˆ±å°šæ¸¸åŒ—äº¬ç§‘æŠ€è‚¡ä»½æœ‰é™å…¬å¸å…¬å¸è‚¡ä¸œï¼šå¾ç¦åº­'

2018-01-10 15:42:19
[WARN]-[Thread: main]-[org.apache.jena.riot.system.ErrorHandlerFactory$ErrorLogger.logWarning()]: [line: 212, col: 56] {W107} Bad URI: <http://ccip.ucas.ac.cn/resource#2016å¹´æœ«çˆ±å°šæ¸¸åŒ—äº¬ç§‘æŠ€è‚¡ä»½æœ‰é™å…¬å¸å…¬å¸è‚¡ä¸œï¼šé™ˆé’¢> Code: 47/NOT_NFKC in FRAGMENT: The IRI is not in Unicode Normal Form KC.

2018-01-10 15:42:19
[WARN]-[Thread: main]-[org.apache.jena.riot.system.ErrorHandlerFactory$ErrorLogger.logWarning()]: [line: 212, col: 56] {W107} Bad URI: <http://ccip.ucas.ac.cn/resource#2016å¹´æœ«çˆ±å°šæ¸¸åŒ—äº¬ç§‘æŠ€è‚¡ä»½æœ‰é™å…¬å¸å…¬å¸è‚¡ä¸œï¼šé™ˆé’¢> Code: 56/COMPATIBILITY_CHARACTER in FRAGMENT: Bad character

2018-01-10 15:42:19
[WARN]-[Thread: main]-[org.apache.jena.riot.system.ErrorHandlerFactory$ErrorLogger.logWarning()]: [line: 212, col: 56] {W108} Not an XML Name: '2016å¹´æœ«çˆ±å°šæ¸¸åŒ—äº¬ç§‘æŠ€è‚¡ä»½æœ‰é™å…¬å¸å…¬å¸è‚¡ä¸œï¼šé™ˆé’¢'

2018-01-10 15:42:19
[WARN]-[Thread: main]-[org.apache.jena.riot.system.ErrorHandlerFactory$ErrorLogger.logWarning()]: [line: 221, col: 57] {W107} Bad URI: <http://ccip.ucas.ac.cn/resource#2016å¹´æœ«çˆ±å°šæ¸¸åŒ—äº¬ç§‘æŠ€è‚¡ä»½æœ‰é™å…¬å¸å…¬å¸è‚¡ä¸œï¼šå•æµ©ç„¶> Code: 47/NOT_NFKC in FRAGMENT: The IRI is not in Unicode Normal Form KC.

2018-01-10 15:42:19
[WARN]-[Thread: main]-[org.apache.jena.riot.system.ErrorHandlerFactory$ErrorLogger.logWarning()]: [line: 221, col: 57] {W107} Bad URI: <http://ccip.ucas.ac.cn/resource#2016å¹´æœ«çˆ±å°šæ¸¸åŒ—äº¬ç§‘æŠ€è‚¡ä»½æœ‰é™å…¬å¸å…¬å¸è‚¡ä¸œï¼šå•æµ©ç„¶> Code: 56/COMPATIBILITY_CHARACTER in FRAGMENT: Bad character

2018-01-10 15:42:19
[WARN]-[Thread: main]-[org.apache.jena.riot.system.ErrorHandlerFactory$ErrorLogger.logWarning()]: [line: 221, col: 57] {W108} Not an XML Name: '2016å¹´æœ«çˆ±å°šæ¸¸åŒ—äº¬ç§‘æŠ€è‚¡ä»½æœ‰é™å…¬å¸å…¬å¸è‚¡ä¸œï¼šå•æµ©ç„¶'

2018-01-10 15:42:19
[WARN]-[Thread: main]-[org.apache.jena.riot.system.ErrorHandlerFactory$ErrorLogger.logWarning()]: [line: 233, col: 56] {W107} Bad URI: <http://ccip.ucas.ac.cn/resource#çˆ±å°šæ¸¸åŒ—äº¬ç§‘æŠ€è‚¡ä»½æœ‰é™å…¬å¸å…¬å¸è¢«æŠ•èµ„å•ä½ï¼šæœªç»Ÿè®¡> Code: 47/NOT_NFKC in FRAGMENT: The IRI is not in Unicode Normal Form KC.

2018-01-10 15:42:19
[WARN]-[Thread: main]-[org.apache.jena.riot.system.ErrorHandlerFactory$ErrorLogger.logWarning()]: [line: 233, col: 56] {W107} Bad URI: <http://ccip.ucas.ac.cn/resource#çˆ±å°šæ¸¸åŒ—äº¬ç§‘æŠ€è‚¡ä»½æœ‰é™å…¬å¸å…¬å¸è¢«æŠ•èµ„å•ä½ï¼šæœªç»Ÿè®¡> Code: 56/COMPATIBILITY_CHARACTER in FRAGMENT: Bad character

2018-01-10 15:42:19
[WARN]-[Thread: main]-[org.apache.jena.riot.system.ErrorHandlerFactory$ErrorLogger.logWarning()]: [line: 241, col: 64] {W107} Bad URI: <http://ccip.ucas.ac.cn/resource#çˆ±å°šæ¸¸åŒ—äº¬ç§‘æŠ€è‚¡ä»½æœ‰é™å…¬å¸å…¬å¸å…³è”ä¼ä¸šï¼šæ·±åœ³å¸‚å‹èƒ½ç½‘ç»œç§‘æŠ€æœ‰é™å…¬å¸> Code: 47/NOT_NFKC in FRAGMENT: The IRI is not in Unicode Normal Form KC.

2018-01-10 15:42:19
[WARN]-[Thread: main]-[org.apache.jena.riot.system.ErrorHandlerFactory$ErrorLogger.logWarning()]: [line: 241, col: 64] {W107} Bad URI: <http://ccip.ucas.ac.cn/resource#çˆ±å°šæ¸¸åŒ—äº¬ç§‘æŠ€è‚¡ä»½æœ‰é™å…¬å¸å…¬å¸å…³è”ä¼ä¸šï¼šæ·±åœ³å¸‚å‹èƒ½ç½‘ç»œç§‘æŠ€æœ‰é™å…¬å¸> Code: 56/COMPATIBILITY_CHARACTER in FRAGMENT: Bad character

2018-01-10 15:42:19
[WARN]-[Thread: main]-[org.apache.jena.riot.system.ErrorHandlerFactory$ErrorLogger.logWarning()]: [line: 249, col: 52] {W107} Bad URI: <http://ccip.ucas.ac.cn/resource#çˆ±å°šæ¸¸åŒ—äº¬ç§‘æŠ€è‚¡ä»½æœ‰é™å…¬å¸å…¬å¸ä¸‹å±å•ä½ï¼šæ— > Code: 47/NOT_NFKC in FRAGMENT: The IRI is not in Unicode Normal Form KC.

2018-01-10 15:42:19
[WARN]-[Thread: main]-[org.apache.jena.riot.system.ErrorHandlerFactory$ErrorLogger.logWarning()]: [line: 249, col: 52] {W107} Bad URI: <http://ccip.ucas.ac.cn/resource#çˆ±å°šæ¸¸åŒ—äº¬ç§‘æŠ€è‚¡ä»½æœ‰é™å…¬å¸å…¬å¸ä¸‹å±å•ä½ï¼šæ— > Code: 56/COMPATIBILITY_CHARACTER in FRAGMENT: Bad character

2018-01-10 15:42:19
[WARN]-[Thread: main]-[org.apache.jena.riot.system.ErrorHandlerFactory$ErrorLogger.logWarning()]: [line: 258, col: 54] {W107} Bad URI: <http://ccip.ucas.ac.cn/resource#çˆ±å°šæ¸¸åŒ—äº¬ç§‘æŠ€è‚¡ä»½æœ‰é™å…¬å¸å…¬å¸é«˜ç®¡äººå‘˜ï¼šæœªç»Ÿè®¡> Code: 47/NOT_NFKC in FRAGMENT: The IRI is not in Unicode Normal Form KC.

2018-01-10 15:42:19
[WARN]-[Thread: main]-[org.apache.jena.riot.system.ErrorHandlerFactory$ErrorLogger.logWarning()]: [line: 258, col: 54] {W107} Bad URI: <http://ccip.ucas.ac.cn/resource#çˆ±å°šæ¸¸åŒ—äº¬ç§‘æŠ€è‚¡ä»½æœ‰é™å…¬å¸å…¬å¸é«˜ç®¡äººå‘˜ï¼šæœªç»Ÿè®¡> Code: 56/COMPATIBILITY_CHARACTER in FRAGMENT: Bad character

2018-01-10 15:42:19
[WARN]-[Thread: main]-[org.apache.jena.riot.system.ErrorHandlerFactory$ErrorLogger.logWarning()]: [line: 267, col: 56] {W107} Bad URI: <http://ccip.ucas.ac.cn/resource#çˆ±å°šæ¸¸åŒ—äº¬ç§‘æŠ€è‚¡ä»½æœ‰é™å…¬å¸ä¼ä¸šæ³•äººä»£è¡¨ï¼šé»æ±Ÿæ²³> Code: 47/NOT_NFKC in FRAGMENT: The IRI is not in Unicode Normal Form KC.

2018-01-10 15:42:19
[WARN]-[Thread: main]-[org.apache.jena.riot.system.ErrorHandlerFactory$ErrorLogger.logWarning()]: [line: 267, col: 56] {W107} Bad URI: <http://ccip.ucas.ac.cn/resource#çˆ±å°šæ¸¸åŒ—äº¬ç§‘æŠ€è‚¡ä»½æœ‰é™å…¬å¸ä¼ä¸šæ³•äººä»£è¡¨ï¼šé»æ±Ÿæ²³> Code: 56/COMPATIBILITY_CHARACTER in FRAGMENT: Bad character

2018-01-10 15:42:19
[WARN]-[Thread: main]-[org.apache.jena.riot.system.ErrorHandlerFactory$ErrorLogger.logWarning()]: [line: 328, col: 61] {W107} Bad URI: <http://ccip.ucas.ac.cn/resource#çˆ±å°šæ¸¸åŒ—äº¬ç§‘æŠ€è‚¡ä»½æœ‰é™å…¬å¸ä¸Šæ¸¸ä¾›åº”å•†ï¼šæ·±åœ³ç™¾èˆªç§‘æŠ€æœ‰é™å…¬å¸> Code: 47/NOT_NFKC in FRAGMENT: The IRI is not in Unicode Normal Form KC.

2018-01-10 15:42:19
[WARN]-[Thread: main]-[org.apache.jena.riot.system.ErrorHandlerFactory$ErrorLogger.logWarning()]: [line: 328, col: 61] {W107} Bad URI: <http://ccip.ucas.ac.cn/resource#çˆ±å°šæ¸¸åŒ—äº¬ç§‘æŠ€è‚¡ä»½æœ‰é™å…¬å¸ä¸Šæ¸¸ä¾›åº”å•†ï¼šæ·±åœ³ç™¾èˆªç§‘æŠ€æœ‰é™å…¬å¸> Code: 56/COMPATIBILITY_CHARACTER in FRAGMENT: Bad character

2018-01-10 15:42:19
[WARN]-[Thread: main]-[org.apache.jena.riot.system.ErrorHandlerFactory$ErrorLogger.logWarning()]: [line: 333, col: 61] {W107} Bad URI: <http://ccip.ucas.ac.cn/resource#çˆ±å°šæ¸¸åŒ—äº¬ç§‘æŠ€è‚¡ä»½æœ‰é™å…¬å¸ä¸Šæ¸¸ä¾›åº”å•†ï¼šæ·±åœ³ç™¾èˆªç§‘æŠ€æœ‰é™å…¬å¸> Code: 47/NOT_NFKC in FRAGMENT: The IRI is not in Unicode Normal Form KC.

2018-01-10 15:42:19
[WARN]-[Thread: main]-[org.apache.jena.riot.system.ErrorHandlerFactory$ErrorLogger.logWarning()]: [line: 333, col: 61] {W107} Bad URI: <http://ccip.ucas.ac.cn/resource#çˆ±å°šæ¸¸åŒ—äº¬ç§‘æŠ€è‚¡ä»½æœ‰é™å…¬å¸ä¸Šæ¸¸ä¾›åº”å•†ï¼šæ·±åœ³ç™¾èˆªç§‘æŠ€æœ‰é™å…¬å¸> Code: 56/COMPATIBILITY_CHARACTER in FRAGMENT: Bad character

2018-01-10 15:42:19
[WARN]-[Thread: main]-[org.apache.jena.riot.system.ErrorHandlerFactory$ErrorLogger.logWarning()]: [line: 333, col: 61] {W105} Redefinition of ID: çˆ±å°šæ¸¸åŒ—äº¬ç§‘æŠ€è‚¡ä»½æœ‰é™å…¬å¸ä¸Šæ¸¸ä¾›åº”å•†ï¼šæ·±åœ³ç™¾èˆªç§‘æŠ€æœ‰é™å…¬å¸

2018-01-10 15:42:19
[WARN]-[Thread: main]-[org.apache.jena.riot.system.ErrorHandlerFactory$ErrorLogger.logWarning()]: [line: 328, col: 61] {W105} Previous definition of 'çˆ±å°šæ¸¸åŒ—äº¬ç§‘æŠ€è‚¡ä»½æœ‰é™å…¬å¸ä¸Šæ¸¸ä¾›åº”å•†ï¼šæ·±åœ³ç™¾èˆªç§‘æŠ€æœ‰é™å…¬å¸'.

2018-01-10 15:42:19
[WARN]-[Thread: main]-[org.apache.jena.riot.system.ErrorHandlerFactory$ErrorLogger.logWarning()]: [line: 338, col: 61] {W107} Bad URI: <http://ccip.ucas.ac.cn/resource#çˆ±å°šæ¸¸åŒ—äº¬ç§‘æŠ€è‚¡ä»½æœ‰é™å…¬å¸ä¸Šæ¸¸ä¾›åº”å•†ï¼šæ·±åœ³ç™¾èˆªç§‘æŠ€æœ‰é™å…¬å¸> Code: 47/NOT_NFKC in FRAGMENT: The IRI is not in Unicode Normal Form KC.

2018-01-10 15:42:19
[WARN]-[Thread: main]-[org.apache.jena.riot.system.ErrorHandlerFactory$ErrorLogger.logWarning()]: [line: 338, col: 61] {W107} Bad URI: <http://ccip.ucas.ac.cn/resource#çˆ±å°šæ¸¸åŒ—äº¬ç§‘æŠ€è‚¡ä»½æœ‰é™å…¬å¸ä¸Šæ¸¸ä¾›åº”å•†ï¼šæ·±åœ³ç™¾èˆªç§‘æŠ€æœ‰é™å…¬å¸> Code: 56/COMPATIBILITY_CHARACTER in FRAGMENT: Bad character

2018-01-10 15:42:19
[WARN]-[Thread: main]-[org.apache.jena.riot.system.ErrorHandlerFactory$ErrorLogger.logWarning()]: [line: 338, col: 61] {W105} Redefinition of ID: çˆ±å°šæ¸¸åŒ—äº¬ç§‘æŠ€è‚¡ä»½æœ‰é™å…¬å¸ä¸Šæ¸¸ä¾›åº”å•†ï¼šæ·±åœ³ç™¾èˆªç§‘æŠ€æœ‰é™å…¬å¸

2018-01-10 15:42:19
[WARN]-[Thread: main]-[org.apache.jena.riot.system.ErrorHandlerFactory$ErrorLogger.logWarning()]: [line: 328, col: 61] {W105} Previous definition of 'çˆ±å°šæ¸¸åŒ—äº¬ç§‘æŠ€è‚¡ä»½æœ‰é™å…¬å¸ä¸Šæ¸¸ä¾›åº”å•†ï¼šæ·±åœ³ç™¾èˆªç§‘æŠ€æœ‰é™å…¬å¸'.

2018-01-10 15:42:19
[WARN]-[Thread: main]-[org.apache.jena.riot.system.ErrorHandlerFactory$ErrorLogger.logWarning()]: [line: 344, col: 62] {W107} Bad URI: <http://ccip.ucas.ac.cn/resource#çˆ±å°šæ¸¸åŒ—äº¬ç§‘æŠ€è‚¡ä»½æœ‰é™å…¬å¸ä¸‹æ¸¸å®¢æˆ·ï¼šç‚«å½©äº’åŠ¨ç½‘ç»œç§‘æŠ€æœ‰é™å…¬å¸> Code: 47/NOT_NFKC in FRAGMENT: The IRI is not in Unicode Normal Form KC.

2018-01-10 15:42:19
[WARN]-[Thread: main]-[org.apache.jena.riot.system.ErrorHandlerFactory$ErrorLogger.logWarning()]: [line: 344, col: 62] {W107} Bad URI: <http://ccip.ucas.ac.cn/resource#çˆ±å°šæ¸¸åŒ—äº¬ç§‘æŠ€è‚¡ä»½æœ‰é™å…¬å¸ä¸‹æ¸¸å®¢æˆ·ï¼šç‚«å½©äº’åŠ¨ç½‘ç»œç§‘æŠ€æœ‰é™å…¬å¸> Code: 56/COMPATIBILITY_CHARACTER in FRAGMENT: Bad character

2018-01-10 15:42:19
[WARN]-[Thread: main]-[org.apache.jena.riot.system.ErrorHandlerFactory$ErrorLogger.logWarning()]: [line: 348, col: 64] {W107} Bad URI: <http://ccip.ucas.ac.cn/resource#çˆ±å°šæ¸¸åŒ—äº¬ç§‘æŠ€è‚¡ä»½æœ‰é™å…¬å¸ä¸‹æ¸¸å®¢æˆ·ï¼šæ·±åœ³å¸‚æ‚¦ä¼—æ™ºåˆç½‘ç»œä¼ åª’æœ‰é™å…¬å¸> Code: 47/NOT_NFKC in FRAGMENT: The IRI is not in Unicode Normal Form KC.

2018-01-10 15:42:19
[WARN]-[Thread: main]-[org.apache.jena.riot.system.ErrorHandlerFactory$ErrorLogger.logWarning()]: [line: 348, col: 64] {W107} Bad URI: <http://ccip.ucas.ac.cn/resource#çˆ±å°šæ¸¸åŒ—äº¬ç§‘æŠ€è‚¡ä»½æœ‰é™å…¬å¸ä¸‹æ¸¸å®¢æˆ·ï¼šæ·±åœ³å¸‚æ‚¦ä¼—æ™ºåˆç½‘ç»œä¼ åª’æœ‰é™å…¬å¸> Code: 56/COMPATIBILITY_CHARACTER in FRAGMENT: Bad character

2018-01-10 15:42:19
[WARN]-[Thread: main]-[org.apache.jena.riot.system.ErrorHandlerFactory$ErrorLogger.logWarning()]: [line: 352, col: 61] {W107} Bad URI: <http://ccip.ucas.ac.cn/resource#çˆ±å°šæ¸¸åŒ—äº¬ç§‘æŠ€è‚¡ä»½æœ‰é™å…¬å¸ä¸‹æ¸¸å®¢æˆ·ï¼šæ·±åœ³å¹¿ä¿¡ç½‘ç»œä¼ åª’æœ‰é™å…¬å¸> Code: 47/NOT_NFKC in FRAGMENT: The IRI is not in Unicode Normal Form KC.

2018-01-10 15:42:19
[WARN]-[Thread: main]-[org.apache.jena.riot.system.ErrorHandlerFactory$ErrorLogger.logWarning()]: [line: 352, col: 61] {W107} Bad URI: <http://ccip.ucas.ac.cn/resource#çˆ±å°šæ¸¸åŒ—äº¬ç§‘æŠ€è‚¡ä»½æœ‰é™å…¬å¸ä¸‹æ¸¸å®¢æˆ·ï¼šæ·±åœ³å¹¿ä¿¡ç½‘ç»œä¼ åª’æœ‰é™å…¬å¸> Code: 56/COMPATIBILITY_CHARACTER in FRAGMENT: Bad character

2018-01-10 15:42:19
[WARN]-[Thread: main]-[org.apache.jena.riot.system.ErrorHandlerFactory$ErrorLogger.logWarning()]: [line: 369, col: 56] {W107} Bad URI: <http://ccip.ucas.ac.cn/resource#çˆ±å°šæ¸¸åŒ—äº¬ç§‘æŠ€è‚¡ä»½æœ‰é™å…¬å¸ä¸»è¥ä¸šåŠ¡ï¼ˆäº§å“ï¼‰> Code: 47/NOT_NFKC in FRAGMENT: The IRI is not in Unicode Normal Form KC.

2018-01-10 15:42:19
[WARN]-[Thread: main]-[org.apache.jena.riot.system.ErrorHandlerFactory$ErrorLogger.logWarning()]: [line: 369, col: 56] {W107} Bad URI: <http://ccip.ucas.ac.cn/resource#çˆ±å°šæ¸¸åŒ—äº¬ç§‘æŠ€è‚¡ä»½æœ‰é™å…¬å¸ä¸»è¥ä¸šåŠ¡ï¼ˆäº§å“ï¼‰> Code: 56/COMPATIBILITY_CHARACTER in FRAGMENT: Bad character

2018-01-10 15:42:19
[WARN]-[Thread: main]-[org.apache.jena.riot.system.ErrorHandlerFactory$ErrorLogger.logWarning()]: [line: 717, col: 61] {W107} Bad URI: <http://ccip.ucas.ac.cn/resource#çˆ±å°šæ¸¸åŒ—äº¬ç§‘æŠ€è‚¡ä»½æœ‰é™å…¬å¸2013å¹´èµ„äº§è´Ÿå€ºè¡¨ï¼ˆèµ„äº§ï¼‰> Code: 47/NOT_NFKC in FRAGMENT: The IRI is not in Unicode Normal Form KC.

2018-01-10 15:42:19
[WARN]-[Thread: main]-[org.apache.jena.riot.system.ErrorHandlerFactory$ErrorLogger.logWarning()]: [line: 717, col: 61] {W107} Bad URI: <http://ccip.ucas.ac.cn/resource#çˆ±å°šæ¸¸åŒ—äº¬ç§‘æŠ€è‚¡ä»½æœ‰é™å…¬å¸2013å¹´èµ„äº§è´Ÿå€ºè¡¨ï¼ˆèµ„äº§ï¼‰> Code: 56/COMPATIBILITY_CHARACTER in FRAGMENT: Bad character

2018-01-10 15:42:19
[WARN]-[Thread: main]-[org.apache.jena.riot.system.ErrorHandlerFactory$ErrorLogger.logWarning()]: [line: 754, col: 61] {W107} Bad URI: <http://ccip.ucas.ac.cn/resource#çˆ±å°šæ¸¸åŒ—äº¬ç§‘æŠ€è‚¡ä»½æœ‰é™å…¬å¸2014å¹´èµ„äº§è´Ÿå€ºè¡¨ï¼ˆèµ„äº§ï¼‰> Code: 47/NOT_NFKC in FRAGMENT: The IRI is not in Unicode Normal Form KC.

2018-01-10 15:42:19
[WARN]-[Thread: main]-[org.apache.jena.riot.system.ErrorHandlerFactory$ErrorLogger.logWarning()]: [line: 754, col: 61] {W107} Bad URI: <http://ccip.ucas.ac.cn/resource#çˆ±å°šæ¸¸åŒ—äº¬ç§‘æŠ€è‚¡ä»½æœ‰é™å…¬å¸2014å¹´èµ„äº§è´Ÿå€ºè¡¨ï¼ˆèµ„äº§ï¼‰> Code: 56/COMPATIBILITY_CHARACTER in FRAGMENT: Bad character

2018-01-10 15:42:19
[WARN]-[Thread: main]-[org.apache.jena.riot.system.ErrorHandlerFactory$ErrorLogger.logWarning()]: [line: 791, col: 62] {W107} Bad URI: <http://ccip.ucas.ac.cn/resource#çˆ±å°šæ¸¸åŒ—äº¬ç§‘æŠ€è‚¡ä»½æœ‰é™å…¬å¸2015å¹´èµ„äº§è´Ÿå€ºè¡¨ï¼ˆèµ„äº§ï¼‰> Code: 47/NOT_NFKC in FRAGMENT: The IRI is not in Unicode Normal Form KC.

2018-01-10 15:42:19
[WARN]-[Thread: main]-[org.apache.jena.riot.system.ErrorHandlerFactory$ErrorLogger.logWarning()]: [line: 791, col: 62] {W107} Bad URI: <http://ccip.ucas.ac.cn/resource#çˆ±å°šæ¸¸åŒ—äº¬ç§‘æŠ€è‚¡ä»½æœ‰é™å…¬å¸2015å¹´èµ„äº§è´Ÿå€ºè¡¨ï¼ˆèµ„äº§ï¼‰> Code: 56/COMPATIBILITY_CHARACTER in FRAGMENT: Bad character

2018-01-10 15:42:19
[WARN]-[Thread: main]-[org.apache.jena.riot.system.ErrorHandlerFactory$ErrorLogger.logWarning()]: [line: 829, col: 73] {W107} Bad URI: <http://ccip.ucas.ac.cn/resource#çˆ±å°šæ¸¸åŒ—äº¬ç§‘æŠ€è‚¡ä»½æœ‰é™å…¬å¸2013å¹´èµ„äº§è´Ÿå€ºè¡¨ï¼ˆè´Ÿå€ºåŠæ‰€æœ‰è€…æƒç›Šï¼‰> Code: 47/NOT_NFKC in FRAGMENT: The IRI is not in Unicode Normal Form KC.

2018-01-10 15:42:19
[WARN]-[Thread: main]-[org.apache.jena.riot.system.ErrorHandlerFactory$ErrorLogger.logWarning()]: [line: 829, col: 73] {W107} Bad URI: <http://ccip.ucas.ac.cn/resource#çˆ±å°šæ¸¸åŒ—äº¬ç§‘æŠ€è‚¡ä»½æœ‰é™å…¬å¸2013å¹´èµ„äº§è´Ÿå€ºè¡¨ï¼ˆè´Ÿå€ºåŠæ‰€æœ‰è€…æƒç›Šï¼‰> Code: 56/COMPATIBILITY_CHARACTER in FRAGMENT: Bad character

2018-01-10 15:42:19
[WARN]-[Thread: main]-[org.apache.jena.riot.system.ErrorHandlerFactory$ErrorLogger.logWarning()]: [line: 869, col: 73] {W107} Bad URI: <http://ccip.ucas.ac.cn/resource#çˆ±å°šæ¸¸åŒ—äº¬ç§‘æŠ€è‚¡ä»½æœ‰é™å…¬å¸2014å¹´èµ„äº§è´Ÿå€ºè¡¨ï¼ˆè´Ÿå€ºåŠæ‰€æœ‰è€…æƒç›Šï¼‰> Code: 47/NOT_NFKC in FRAGMENT: The IRI is not in Unicode Normal Form KC.

2018-01-10 15:42:19
[WARN]-[Thread: main]-[org.apache.jena.riot.system.ErrorHandlerFactory$ErrorLogger.logWarning()]: [line: 869, col: 73] {W107} Bad URI: <http://ccip.ucas.ac.cn/resource#çˆ±å°šæ¸¸åŒ—äº¬ç§‘æŠ€è‚¡ä»½æœ‰é™å…¬å¸2014å¹´èµ„äº§è´Ÿå€ºè¡¨ï¼ˆè´Ÿå€ºåŠæ‰€æœ‰è€…æƒç›Šï¼‰> Code: 56/COMPATIBILITY_CHARACTER in FRAGMENT: Bad character

2018-01-10 15:42:19
[WARN]-[Thread: main]-[org.apache.jena.riot.system.ErrorHandlerFactory$ErrorLogger.logWarning()]: [line: 910, col: 73] {W107} Bad URI: <http://ccip.ucas.ac.cn/resource#çˆ±å°šæ¸¸åŒ—äº¬ç§‘æŠ€è‚¡ä»½æœ‰é™å…¬å¸2015å¹´èµ„äº§è´Ÿå€ºè¡¨ï¼ˆè´Ÿå€ºåŠæ‰€æœ‰è€…æƒç›Šï¼‰> Code: 47/NOT_NFKC in FRAGMENT: The IRI is not in Unicode Normal Form KC.

2018-01-10 15:42:19
[WARN]-[Thread: main]-[org.apache.jena.riot.system.ErrorHandlerFactory$ErrorLogger.logWarning()]: [line: 910, col: 73] {W107} Bad URI: <http://ccip.ucas.ac.cn/resource#çˆ±å°šæ¸¸åŒ—äº¬ç§‘æŠ€è‚¡ä»½æœ‰é™å…¬å¸2015å¹´èµ„äº§è´Ÿå€ºè¡¨ï¼ˆè´Ÿå€ºåŠæ‰€æœ‰è€…æƒç›Šï¼‰> Code: 56/COMPATIBILITY_CHARACTER in FRAGMENT: Bad character

2018-01-10 15:42:19
[WARN]-[Thread: main]-[org.apache.jena.riot.system.ErrorHandlerFactory$ErrorLogger.logWarning()]: [line: 1064, col: 54] {W108} Not an XML Name: '2013å¹´çˆ±å°šæ¸¸åŒ—äº¬ç§‘æŠ€è‚¡ä»½æœ‰é™å…¬å¸ç°é‡‘æµé‡è¡¨'

2018-01-10 15:42:19
[WARN]-[Thread: main]-[org.apache.jena.riot.system.ErrorHandlerFactory$ErrorLogger.logWarning()]: [line: 1103, col: 56] {W108} Not an XML Name: '2014å¹´çˆ±å°šæ¸¸åŒ—äº¬ç§‘æŠ€è‚¡ä»½æœ‰é™å…¬å¸ç°é‡‘æµé‡è¡¨'

2018-01-10 15:42:19
[WARN]-[Thread: main]-[org.apache.jena.riot.system.ErrorHandlerFactory$ErrorLogger.logWarning()]: [line: 1143, col: 58] {W108} Not an XML Name: '2015å¹´çˆ±å°šæ¸¸åŒ—äº¬ç§‘æŠ€è‚¡ä»½æœ‰é™å…¬å¸ç°é‡‘æµé‡è¡¨'

2018-01-10 15:46:48
[WARN]-[Thread: main]-[org.apache.jena.riot.system.ErrorHandlerFactory$ErrorLogger.logWarning()]: [line: 125, col: 54] {W107} Bad URI: <http://ccip.ucas.ac.cn/resource#2016å¹´æœ«çˆ±å°šæ¸¸åŒ—äº¬ç§‘æŠ€è‚¡ä»½æœ‰é™å…¬å¸å…¬å¸è‚¡ä¸œï¼šæ ¼æ—¥å‹’> Code: 47/NOT_NFKC in FRAGMENT: The IRI is not in Unicode Normal Form KC.

2018-01-10 15:46:48
[WARN]-[Thread: main]-[org.apache.jena.riot.system.ErrorHandlerFactory$ErrorLogger.logWarning()]: [line: 125, col: 54] {W107} Bad URI: <http://ccip.ucas.ac.cn/resource#2016å¹´æœ«çˆ±å°šæ¸¸åŒ—äº¬ç§‘æŠ€è‚¡ä»½æœ‰é™å…¬å¸å…¬å¸è‚¡ä¸œï¼šæ ¼æ—¥å‹’> Code: 56/COMPATIBILITY_CHARACTER in FRAGMENT: Bad character

2018-01-10 15:46:48
[WARN]-[Thread: main]-[org.apache.jena.riot.system.ErrorHandlerFactory$ErrorLogger.logWarning()]: [line: 125, col: 54] {W108} Not an XML Name: '2016å¹´æœ«çˆ±å°šæ¸¸åŒ—äº¬ç§‘æŠ€è‚¡ä»½æœ‰é™å…¬å¸å…¬å¸è‚¡ä¸œï¼šæ ¼æ—¥å‹’'

2018-01-10 15:46:48
[WARN]-[Thread: main]-[org.apache.jena.riot.system.ErrorHandlerFactory$ErrorLogger.logWarning()]: [line: 135, col: 56] {W107} Bad URI: <http://ccip.ucas.ac.cn/resource#2016å¹´æœ«çˆ±å°šæ¸¸åŒ—äº¬ç§‘æŠ€è‚¡ä»½æœ‰é™å…¬å¸å…¬å¸è‚¡ä¸œï¼šé»æ±Ÿæ²³> Code: 47/NOT_NFKC in FRAGMENT: The IRI is not in Unicode Normal Form KC.

2018-01-10 15:46:48
[WARN]-[Thread: main]-[org.apache.jena.riot.system.ErrorHandlerFactory$ErrorLogger.logWarning()]: [line: 135, col: 56] {W107} Bad URI: <http://ccip.ucas.ac.cn/resource#2016å¹´æœ«çˆ±å°šæ¸¸åŒ—äº¬ç§‘æŠ€è‚¡ä»½æœ‰é™å…¬å¸å…¬å¸è‚¡ä¸œï¼šé»æ±Ÿæ²³> Code: 56/COMPATIBILITY_CHARACTER in FRAGMENT: Bad character

2018-01-10 15:46:48
[WARN]-[Thread: main]-[org.apache.jena.riot.system.ErrorHandlerFactory$ErrorLogger.logWarning()]: [line: 135, col: 56] {W108} Not an XML Name: '2016å¹´æœ«çˆ±å°šæ¸¸åŒ—äº¬ç§‘æŠ€è‚¡ä»½æœ‰é™å…¬å¸å…¬å¸è‚¡ä¸œï¼šé»æ±Ÿæ²³'

2018-01-10 15:46:48
[WARN]-[Thread: main]-[org.apache.jena.riot.system.ErrorHandlerFactory$ErrorLogger.logWarning()]: [line: 145, col: 71] {W107} Bad URI: <http://ccip.ucas.ac.cn/resource#2016å¹´æœ«çˆ±å°šæ¸¸åŒ—äº¬ç§‘æŠ€è‚¡ä»½æœ‰é™å…¬å¸å…¬å¸è‚¡ä¸œï¼šåŒ—äº¬åŒåˆ›å…±äº«åˆ›ä¸šæŠ•èµ„ä¸­å¿ƒ(æœ‰é™åˆä¼™)> Code: 47/NOT_NFKC in FRAGMENT: The IRI is not in Unicode Normal Form KC.

2018-01-10 15:46:48
[WARN]-[Thread: main]-[org.apache.jena.riot.system.ErrorHandlerFactory$ErrorLogger.logWarning()]: [line: 145, col: 71] {W107} Bad URI: <http://ccip.ucas.ac.cn/resource#2016å¹´æœ«çˆ±å°šæ¸¸åŒ—äº¬ç§‘æŠ€è‚¡ä»½æœ‰é™å…¬å¸å…¬å¸è‚¡ä¸œï¼šåŒ—äº¬åŒåˆ›å…±äº«åˆ›ä¸šæŠ•èµ„ä¸­å¿ƒ(æœ‰é™åˆä¼™)> Code: 56/COMPATIBILITY_CHARACTER in FRAGMENT: Bad character

2018-01-10 15:46:48
[WARN]-[Thread: main]-[org.apache.jena.riot.system.ErrorHandlerFactory$ErrorLogger.logWarning()]: [line: 145, col: 71] {W108} Not an XML Name: '2016å¹´æœ«çˆ±å°šæ¸¸åŒ—äº¬ç§‘æŠ€è‚¡ä»½æœ‰é™å…¬å¸å…¬å¸è‚¡ä¸œï¼šåŒ—äº¬åŒåˆ›å…±äº«åˆ›ä¸šæŠ•èµ„ä¸­å¿ƒ(æœ‰é™åˆä¼™)'

2018-01-10 15:46:48
[WARN]-[Thread: main]-[org.apache.jena.riot.system.ErrorHandlerFactory$ErrorLogger.logWarning()]: [line: 155, col: 55] {W107} Bad URI: <http://ccip.ucas.ac.cn/resource#2016å¹´æœ«çˆ±å°šæ¸¸åŒ—äº¬ç§‘æŠ€è‚¡ä»½æœ‰é™å…¬å¸å…¬å¸è‚¡ä¸œï¼šè°¢æ³¢> Code: 47/NOT_NFKC in FRAGMENT: The IRI is not in Unicode Normal Form KC.

2018-01-10 15:46:48
[WARN]-[Thread: main]-[org.apache.jena.riot.system.ErrorHandlerFactory$ErrorLogger.logWarning()]: [line: 155, col: 55] {W107} Bad URI: <http://ccip.ucas.ac.cn/resource#2016å¹´æœ«çˆ±å°šæ¸¸åŒ—äº¬ç§‘æŠ€è‚¡ä»½æœ‰é™å…¬å¸å…¬å¸è‚¡ä¸œï¼šè°¢æ³¢> Code: 56/COMPATIBILITY_CHARACTER in FRAGMENT: Bad character

2018-01-10 15:46:48
[WARN]-[Thread: main]-[org.apache.jena.riot.system.ErrorHandlerFactory$ErrorLogger.logWarning()]: [line: 155, col: 55] {W108} Not an XML Name: '2016å¹´æœ«çˆ±å°šæ¸¸åŒ—äº¬ç§‘æŠ€è‚¡ä»½æœ‰é™å…¬å¸å…¬å¸è‚¡ä¸œï¼šè°¢æ³¢'

2018-01-10 15:46:48
[WARN]-[Thread: main]-[org.apache.jena.riot.system.ErrorHandlerFactory$ErrorLogger.logWarning()]: [line: 164, col: 55] {W107} Bad URI: <http://ccip.ucas.ac.cn/resource#2016å¹´æœ«çˆ±å°šæ¸¸åŒ—äº¬ç§‘æŠ€è‚¡ä»½æœ‰é™å…¬å¸å…¬å¸è‚¡ä¸œï¼šç¨‹é™> Code: 47/NOT_NFKC in FRAGMENT: The IRI is not in Unicode Normal Form KC.

2018-01-10 15:46:48
[WARN]-[Thread: main]-[org.apache.jena.riot.system.ErrorHandlerFactory$ErrorLogger.logWarning()]: [line: 164, col: 55] {W107} Bad URI: <http://ccip.ucas.ac.cn/resource#2016å¹´æœ«çˆ±å°šæ¸¸åŒ—äº¬ç§‘æŠ€è‚¡ä»½æœ‰é™å…¬å¸å…¬å¸è‚¡ä¸œï¼šç¨‹é™> Code: 56/COMPATIBILITY_CHARACTER in FRAGMENT: Bad character

2018-01-10 15:46:48
[WARN]-[Thread: main]-[org.apache.jena.riot.system.ErrorHandlerFactory$ErrorLogger.logWarning()]: [line: 164, col: 55] {W108} Not an XML Name: '2016å¹´æœ«çˆ±å°šæ¸¸åŒ—äº¬ç§‘æŠ€è‚¡ä»½æœ‰é™å…¬å¸å…¬å¸è‚¡ä¸œï¼šç¨‹é™'

2018-01-10 15:46:48
[WARN]-[Thread: main]-[org.apache.jena.riot.system.ErrorHandlerFactory$ErrorLogger.logWarning()]: [line: 173, col: 57] {W107} Bad URI: <http://ccip.ucas.ac.cn/resource#2016å¹´æœ«çˆ±å°šæ¸¸åŒ—äº¬ç§‘æŠ€è‚¡ä»½æœ‰é™å…¬å¸å…¬å¸è‚¡ä¸œï¼šç‹å…ƒæ˜Š> Code: 47/NOT_NFKC in FRAGMENT: The IRI is not in Unicode Normal Form KC.

2018-01-10 15:46:48
[WARN]-[Thread: main]-[org.apache.jena.riot.system.ErrorHandlerFactory$ErrorLogger.logWarning()]: [line: 173, col: 57] {W107} Bad URI: <http://ccip.ucas.ac.cn/resource#2016å¹´æœ«çˆ±å°šæ¸¸åŒ—äº¬ç§‘æŠ€è‚¡ä»½æœ‰é™å…¬å¸å…¬å¸è‚¡ä¸œï¼šç‹å…ƒæ˜Š> Code: 56/COMPATIBILITY_CHARACTER in FRAGMENT: Bad character

2018-01-10 15:46:48
[WARN]-[Thread: main]-[org.apache.jena.riot.system.ErrorHandlerFactory$ErrorLogger.logWarning()]: [line: 173, col: 57] {W108} Not an XML Name: '2016å¹´æœ«çˆ±å°šæ¸¸åŒ—äº¬ç§‘æŠ€è‚¡ä»½æœ‰é™å…¬å¸å…¬å¸è‚¡ä¸œï¼šç‹å…ƒæ˜Š'

2018-01-10 15:46:48
[WARN]-[Thread: main]-[org.apache.jena.riot.system.ErrorHandlerFactory$ErrorLogger.logWarning()]: [line: 182, col: 54] {W107} Bad URI: <http://ccip.ucas.ac.cn/resource#2016å¹´æœ«çˆ±å°šæ¸¸åŒ—äº¬ç§‘æŠ€è‚¡ä»½æœ‰é™å…¬å¸å…¬å¸è‚¡ä¸œï¼šå¾å¦™æ ¹> Code: 47/NOT_NFKC in FRAGMENT: The IRI is not in Unicode Normal Form KC.

2018-01-10 15:46:48
[WARN]-[Thread: main]-[org.apache.jena.riot.system.ErrorHandlerFactory$ErrorLogger.logWarning()]: [line: 182, col: 54] {W107} Bad URI: <http://ccip.ucas.ac.cn/resource#2016å¹´æœ«çˆ±å°šæ¸¸åŒ—äº¬ç§‘æŠ€è‚¡ä»½æœ‰é™å…¬å¸å…¬å¸è‚¡ä¸œï¼šå¾å¦™æ ¹> Code: 56/COMPATIBILITY_CHARACTER in FRAGMENT: Bad character

2018-01-10 15:46:48
[WARN]-[Thread: main]-[org.apache.jena.riot.system.ErrorHandlerFactory$ErrorLogger.logWarning()]: [line: 182, col: 54] {W108} Not an XML Name: '2016å¹´æœ«çˆ±å°šæ¸¸åŒ—äº¬ç§‘æŠ€è‚¡ä»½æœ‰é™å…¬å¸å…¬å¸è‚¡ä¸œï¼šå¾å¦™æ ¹'

2018-01-10 15:46:48
[WARN]-[Thread: main]-[org.apache.jena.riot.system.ErrorHandlerFactory$ErrorLogger.logWarning()]: [line: 192, col: 70] {W107} Bad URI: <http://ccip.ucas.ac.cn/resource#2016å¹´æœ«çˆ±å°šæ¸¸åŒ—äº¬ç§‘æŠ€è‚¡ä»½æœ‰é™å…¬å¸å…¬å¸è‚¡ä¸œï¼šå…±é’åŸæ°´æ‰æŠ•èµ„ç®¡ç†åˆä¼™ä¼ä¸š(æœ‰é™åˆä¼™)> Code: 47/NOT_NFKC in FRAGMENT: The IRI is not in Unicode Normal Form KC.

2018-01-10 15:46:48
[WARN]-[Thread: main]-[org.apache.jena.riot.system.ErrorHandlerFactory$ErrorLogger.logWarning()]: [line: 192, col: 70] {W107} Bad URI: <http://ccip.ucas.ac.cn/resource#2016å¹´æœ«çˆ±å°šæ¸¸åŒ—äº¬ç§‘æŠ€è‚¡ä»½æœ‰é™å…¬å¸å…¬å¸è‚¡ä¸œï¼šå…±é’åŸæ°´æ‰æŠ•èµ„ç®¡ç†åˆä¼™ä¼ä¸š(æœ‰é™åˆä¼™)> Code: 56/COMPATIBILITY_CHARACTER in FRAGMENT: Bad character

2018-01-10 15:46:48
[WARN]-[Thread: main]-[org.apache.jena.riot.system.ErrorHandlerFactory$ErrorLogger.logWarning()]: [line: 192, col: 70] {W108} Not an XML Name: '2016å¹´æœ«çˆ±å°šæ¸¸åŒ—äº¬ç§‘æŠ€è‚¡ä»½æœ‰é™å…¬å¸å…¬å¸è‚¡ä¸œï¼šå…±é’åŸæ°´æ‰æŠ•èµ„ç®¡ç†åˆä¼™ä¼ä¸š(æœ‰é™åˆä¼™)'

2018-01-10 15:46:48
[WARN]-[Thread: main]-[org.apache.jena.riot.system.ErrorHandlerFactory$ErrorLogger.logWarning()]: [line: 202, col: 54] {W107} Bad URI: <http://ccip.ucas.ac.cn/resource#2016å¹´æœ«çˆ±å°šæ¸¸åŒ—äº¬ç§‘æŠ€è‚¡ä»½æœ‰é™å…¬å¸å…¬å¸è‚¡ä¸œï¼šå¾ç¦åº­> Code: 47/NOT_NFKC in FRAGMENT: The IRI is not in Unicode Normal Form KC.

2018-01-10 15:46:48
[WARN]-[Thread: main]-[org.apache.jena.riot.system.ErrorHandlerFactory$ErrorLogger.logWarning()]: [line: 202, col: 54] {W107} Bad URI: <http://ccip.ucas.ac.cn/resource#2016å¹´æœ«çˆ±å°šæ¸¸åŒ—äº¬ç§‘æŠ€è‚¡ä»½æœ‰é™å…¬å¸å…¬å¸è‚¡ä¸œï¼šå¾ç¦åº­> Code: 56/COMPATIBILITY_CHARACTER in FRAGMENT: Bad character

2018-01-10 15:46:48
[WARN]-[Thread: main]-[org.apache.jena.riot.system.ErrorHandlerFactory$ErrorLogger.logWarning()]: [line: 202, col: 54] {W108} Not an XML Name: '2016å¹´æœ«çˆ±å°šæ¸¸åŒ—äº¬ç§‘æŠ€è‚¡ä»½æœ‰é™å…¬å¸å…¬å¸è‚¡ä¸œï¼šå¾ç¦åº­'

2018-01-10 15:46:48
[WARN]-[Thread: main]-[org.apache.jena.riot.system.ErrorHandlerFactory$ErrorLogger.logWarning()]: [line: 212, col: 53] {W107} Bad URI: <http://ccip.ucas.ac.cn/resource#2016å¹´æœ«çˆ±å°šæ¸¸åŒ—äº¬ç§‘æŠ€è‚¡ä»½æœ‰é™å…¬å¸å…¬å¸è‚¡ä¸œï¼šé™ˆé’¢> Code: 47/NOT_NFKC in FRAGMENT: The IRI is not in Unicode Normal Form KC.

2018-01-10 15:46:48
[WARN]-[Thread: main]-[org.apache.jena.riot.system.ErrorHandlerFactory$ErrorLogger.logWarning()]: [line: 212, col: 53] {W107} Bad URI: <http://ccip.ucas.ac.cn/resource#2016å¹´æœ«çˆ±å°šæ¸¸åŒ—äº¬ç§‘æŠ€è‚¡ä»½æœ‰é™å…¬å¸å…¬å¸è‚¡ä¸œï¼šé™ˆé’¢> Code: 56/COMPATIBILITY_CHARACTER in FRAGMENT: Bad character

2018-01-10 15:46:48
[WARN]-[Thread: main]-[org.apache.jena.riot.system.ErrorHandlerFactory$ErrorLogger.logWarning()]: [line: 212, col: 53] {W108} Not an XML Name: '2016å¹´æœ«çˆ±å°šæ¸¸åŒ—äº¬ç§‘æŠ€è‚¡ä»½æœ‰é™å…¬å¸å…¬å¸è‚¡ä¸œï¼šé™ˆé’¢'

2018-01-10 15:46:48
[WARN]-[Thread: main]-[org.apache.jena.riot.system.ErrorHandlerFactory$ErrorLogger.logWarning()]: [line: 221, col: 54] {W107} Bad URI: <http://ccip.ucas.ac.cn/resource#2016å¹´æœ«çˆ±å°šæ¸¸åŒ—äº¬ç§‘æŠ€è‚¡ä»½æœ‰é™å…¬å¸å…¬å¸è‚¡ä¸œï¼šå•æµ©ç„¶> Code: 47/NOT_NFKC in FRAGMENT: The IRI is not in Unicode Normal Form KC.

2018-01-10 15:46:48
[WARN]-[Thread: main]-[org.apache.jena.riot.system.ErrorHandlerFactory$ErrorLogger.logWarning()]: [line: 221, col: 54] {W107} Bad URI: <http://ccip.ucas.ac.cn/resource#2016å¹´æœ«çˆ±å°šæ¸¸åŒ—äº¬ç§‘æŠ€è‚¡ä»½æœ‰é™å…¬å¸å…¬å¸è‚¡ä¸œï¼šå•æµ©ç„¶> Code: 56/COMPATIBILITY_CHARACTER in FRAGMENT: Bad character

2018-01-10 15:46:48
[WARN]-[Thread: main]-[org.apache.jena.riot.system.ErrorHandlerFactory$ErrorLogger.logWarning()]: [line: 221, col: 54] {W108} Not an XML Name: '2016å¹´æœ«çˆ±å°šæ¸¸åŒ—äº¬ç§‘æŠ€è‚¡ä»½æœ‰é™å…¬å¸å…¬å¸è‚¡ä¸œï¼šå•æµ©ç„¶'

2018-01-10 15:46:48
[WARN]-[Thread: main]-[org.apache.jena.riot.system.ErrorHandlerFactory$ErrorLogger.logWarning()]: [line: 233, col: 56] {W107} Bad URI: <http://ccip.ucas.ac.cn/resource#çˆ±å°šæ¸¸åŒ—äº¬ç§‘æŠ€è‚¡ä»½æœ‰é™å…¬å¸å…¬å¸è¢«æŠ•èµ„å•ä½ï¼šæœªç»Ÿè®¡> Code: 47/NOT_NFKC in FRAGMENT: The IRI is not in Unicode Normal Form KC.

2018-01-10 15:46:48
[WARN]-[Thread: main]-[org.apache.jena.riot.system.ErrorHandlerFactory$ErrorLogger.logWarning()]: [line: 233, col: 56] {W107} Bad URI: <http://ccip.ucas.ac.cn/resource#çˆ±å°šæ¸¸åŒ—äº¬ç§‘æŠ€è‚¡ä»½æœ‰é™å…¬å¸å…¬å¸è¢«æŠ•èµ„å•ä½ï¼šæœªç»Ÿè®¡> Code: 56/COMPATIBILITY_CHARACTER in FRAGMENT: Bad character

2018-01-10 15:46:48
[WARN]-[Thread: main]-[org.apache.jena.riot.system.ErrorHandlerFactory$ErrorLogger.logWarning()]: [line: 241, col: 64] {W107} Bad URI: <http://ccip.ucas.ac.cn/resource#çˆ±å°šæ¸¸åŒ—äº¬ç§‘æŠ€è‚¡ä»½æœ‰é™å…¬å¸å…¬å¸å…³è”ä¼ä¸šï¼šæ·±åœ³å¸‚å‹èƒ½ç½‘ç»œç§‘æŠ€æœ‰é™å…¬å¸> Code: 47/NOT_NFKC in FRAGMENT: The IRI is not in Unicode Normal Form KC.

2018-01-10 15:46:48
[WARN]-[Thread: main]-[org.apache.jena.riot.system.ErrorHandlerFactory$ErrorLogger.logWarning()]: [line: 241, col: 64] {W107} Bad URI: <http://ccip.ucas.ac.cn/resource#çˆ±å°šæ¸¸åŒ—äº¬ç§‘æŠ€è‚¡ä»½æœ‰é™å…¬å¸å…¬å¸å…³è”ä¼ä¸šï¼šæ·±åœ³å¸‚å‹èƒ½ç½‘ç»œç§‘æŠ€æœ‰é™å…¬å¸> Code: 56/COMPATIBILITY_CHARACTER in FRAGMENT: Bad character

2018-01-10 15:46:48
[WARN]-[Thread: main]-[org.apache.jena.riot.system.ErrorHandlerFactory$ErrorLogger.logWarning()]: [line: 249, col: 52] {W107} Bad URI: <http://ccip.ucas.ac.cn/resource#çˆ±å°šæ¸¸åŒ—äº¬ç§‘æŠ€è‚¡ä»½æœ‰é™å…¬å¸å…¬å¸ä¸‹å±å•ä½ï¼šæ— > Code: 47/NOT_NFKC in FRAGMENT: The IRI is not in Unicode Normal Form KC.

2018-01-10 15:46:48
[WARN]-[Thread: main]-[org.apache.jena.riot.system.ErrorHandlerFactory$ErrorLogger.logWarning()]: [line: 249, col: 52] {W107} Bad URI: <http://ccip.ucas.ac.cn/resource#çˆ±å°šæ¸¸åŒ—äº¬ç§‘æŠ€è‚¡ä»½æœ‰é™å…¬å¸å…¬å¸ä¸‹å±å•ä½ï¼šæ— > Code: 56/COMPATIBILITY_CHARACTER in FRAGMENT: Bad character

2018-01-10 15:46:48
[WARN]-[Thread: main]-[org.apache.jena.riot.system.ErrorHandlerFactory$ErrorLogger.logWarning()]: [line: 258, col: 54] {W107} Bad URI: <http://ccip.ucas.ac.cn/resource#çˆ±å°šæ¸¸åŒ—äº¬ç§‘æŠ€è‚¡ä»½æœ‰é™å…¬å¸å…¬å¸é«˜ç®¡äººå‘˜ï¼šæœªç»Ÿè®¡> Code: 47/NOT_NFKC in FRAGMENT: The IRI is not in Unicode Normal Form KC.

2018-01-10 15:46:48
[WARN]-[Thread: main]-[org.apache.jena.riot.system.ErrorHandlerFactory$ErrorLogger.logWarning()]: [line: 258, col: 54] {W107} Bad URI: <http://ccip.ucas.ac.cn/resource#çˆ±å°šæ¸¸åŒ—äº¬ç§‘æŠ€è‚¡ä»½æœ‰é™å…¬å¸å…¬å¸é«˜ç®¡äººå‘˜ï¼šæœªç»Ÿè®¡> Code: 56/COMPATIBILITY_CHARACTER in FRAGMENT: Bad character

2018-01-10 15:46:48
[WARN]-[Thread: main]-[org.apache.jena.riot.system.ErrorHandlerFactory$ErrorLogger.logWarning()]: [line: 267, col: 56] {W107} Bad URI: <http://ccip.ucas.ac.cn/resource#çˆ±å°šæ¸¸åŒ—äº¬ç§‘æŠ€è‚¡ä»½æœ‰é™å…¬å¸ä¼ä¸šæ³•äººä»£è¡¨ï¼šé»æ±Ÿæ²³> Code: 47/NOT_NFKC in FRAGMENT: The IRI is not in Unicode Normal Form KC.

2018-01-10 15:46:48
[WARN]-[Thread: main]-[org.apache.jena.riot.system.ErrorHandlerFactory$ErrorLogger.logWarning()]: [line: 267, col: 56] {W107} Bad URI: <http://ccip.ucas.ac.cn/resource#çˆ±å°šæ¸¸åŒ—äº¬ç§‘æŠ€è‚¡ä»½æœ‰é™å…¬å¸ä¼ä¸šæ³•äººä»£è¡¨ï¼šé»æ±Ÿæ²³> Code: 56/COMPATIBILITY_CHARACTER in FRAGMENT: Bad character

2018-01-10 15:46:48
[WARN]-[Thread: main]-[org.apache.jena.riot.system.ErrorHandlerFactory$ErrorLogger.logWarning()]: [line: 328, col: 58] {W107} Bad URI: <http://ccip.ucas.ac.cn/resource#çˆ±å°šæ¸¸åŒ—äº¬ç§‘æŠ€è‚¡ä»½æœ‰é™å…¬å¸ä¸Šæ¸¸ä¾›åº”å•†ï¼šæ·±åœ³ç™¾èˆªç§‘æŠ€æœ‰é™å…¬å¸> Code: 47/NOT_NFKC in FRAGMENT: The IRI is not in Unicode Normal Form KC.

2018-01-10 15:46:48
[WARN]-[Thread: main]-[org.apache.jena.riot.system.ErrorHandlerFactory$ErrorLogger.logWarning()]: [line: 328, col: 58] {W107} Bad URI: <http://ccip.ucas.ac.cn/resource#çˆ±å°šæ¸¸åŒ—äº¬ç§‘æŠ€è‚¡ä»½æœ‰é™å…¬å¸ä¸Šæ¸¸ä¾›åº”å•†ï¼šæ·±åœ³ç™¾èˆªç§‘æŠ€æœ‰é™å…¬å¸> Code: 56/COMPATIBILITY_CHARACTER in FRAGMENT: Bad character

2018-01-10 15:46:48
[WARN]-[Thread: main]-[org.apache.jena.riot.system.ErrorHandlerFactory$ErrorLogger.logWarning()]: [line: 333, col: 58] {W107} Bad URI: <http://ccip.ucas.ac.cn/resource#çˆ±å°šæ¸¸åŒ—äº¬ç§‘æŠ€è‚¡ä»½æœ‰é™å…¬å¸ä¸Šæ¸¸ä¾›åº”å•†ï¼šæ·±åœ³ç™¾èˆªç§‘æŠ€æœ‰é™å…¬å¸> Code: 47/NOT_NFKC in FRAGMENT: The IRI is not in Unicode Normal Form KC.

2018-01-10 15:46:48
[WARN]-[Thread: main]-[org.apache.jena.riot.system.ErrorHandlerFactory$ErrorLogger.logWarning()]: [line: 333, col: 58] {W107} Bad URI: <http://ccip.ucas.ac.cn/resource#çˆ±å°šæ¸¸åŒ—äº¬ç§‘æŠ€è‚¡ä»½æœ‰é™å…¬å¸ä¸Šæ¸¸ä¾›åº”å•†ï¼šæ·±åœ³ç™¾èˆªç§‘æŠ€æœ‰é™å…¬å¸> Code: 56/COMPATIBILITY_CHARACTER in FRAGMENT: Bad character

2018-01-10 15:46:48
[WARN]-[Thread: main]-[org.apache.jena.riot.system.ErrorHandlerFactory$ErrorLogger.logWarning()]: [line: 333, col: 58] {W105} Redefinition of ID: çˆ±å°šæ¸¸åŒ—äº¬ç§‘æŠ€è‚¡ä»½æœ‰é™å…¬å¸ä¸Šæ¸¸ä¾›åº”å•†ï¼šæ·±åœ³ç™¾èˆªç§‘æŠ€æœ‰é™å…¬å¸

2018-01-10 15:46:48
[WARN]-[Thread: main]-[org.apache.jena.riot.system.ErrorHandlerFactory$ErrorLogger.logWarning()]: [line: 328, col: 58] {W105} Previous definition of 'çˆ±å°šæ¸¸åŒ—äº¬ç§‘æŠ€è‚¡ä»½æœ‰é™å…¬å¸ä¸Šæ¸¸ä¾›åº”å•†ï¼šæ·±åœ³ç™¾èˆªç§‘æŠ€æœ‰é™å…¬å¸'.

2018-01-10 15:46:48
[WARN]-[Thread: main]-[org.apache.jena.riot.system.ErrorHandlerFactory$ErrorLogger.logWarning()]: [line: 338, col: 58] {W107} Bad URI: <http://ccip.ucas.ac.cn/resource#çˆ±å°šæ¸¸åŒ—äº¬ç§‘æŠ€è‚¡ä»½æœ‰é™å…¬å¸ä¸Šæ¸¸ä¾›åº”å•†ï¼šæ·±åœ³ç™¾èˆªç§‘æŠ€æœ‰é™å…¬å¸> Code: 47/NOT_NFKC in FRAGMENT: The IRI is not in Unicode Normal Form KC.

2018-01-10 15:46:48
[WARN]-[Thread: main]-[org.apache.jena.riot.system.ErrorHandlerFactory$ErrorLogger.logWarning()]: [line: 338, col: 58] {W107} Bad URI: <http://ccip.ucas.ac.cn/resource#çˆ±å°šæ¸¸åŒ—äº¬ç§‘æŠ€è‚¡ä»½æœ‰é™å…¬å¸ä¸Šæ¸¸ä¾›åº”å•†ï¼šæ·±åœ³ç™¾èˆªç§‘æŠ€æœ‰é™å…¬å¸> Code: 56/COMPATIBILITY_CHARACTER in FRAGMENT: Bad character

2018-01-10 15:46:48
[WARN]-[Thread: main]-[org.apache.jena.riot.system.ErrorHandlerFactory$ErrorLogger.logWarning()]: [line: 338, col: 58] {W105} Redefinition of ID: çˆ±å°šæ¸¸åŒ—äº¬ç§‘æŠ€è‚¡ä»½æœ‰é™å…¬å¸ä¸Šæ¸¸ä¾›åº”å•†ï¼šæ·±åœ³ç™¾èˆªç§‘æŠ€æœ‰é™å…¬å¸

2018-01-10 15:46:48
[WARN]-[Thread: main]-[org.apache.jena.riot.system.ErrorHandlerFactory$ErrorLogger.logWarning()]: [line: 328, col: 58] {W105} Previous definition of 'çˆ±å°šæ¸¸åŒ—äº¬ç§‘æŠ€è‚¡ä»½æœ‰é™å…¬å¸ä¸Šæ¸¸ä¾›åº”å•†ï¼šæ·±åœ³ç™¾èˆªç§‘æŠ€æœ‰é™å…¬å¸'.

2018-01-10 15:46:48
[WARN]-[Thread: main]-[org.apache.jena.riot.system.ErrorHandlerFactory$ErrorLogger.logWarning()]: [line: 344, col: 59] {W107} Bad URI: <http://ccip.ucas.ac.cn/resource#çˆ±å°šæ¸¸åŒ—äº¬ç§‘æŠ€è‚¡ä»½æœ‰é™å…¬å¸ä¸‹æ¸¸å®¢æˆ·ï¼šç‚«å½©äº’åŠ¨ç½‘ç»œç§‘æŠ€æœ‰é™å…¬å¸> Code: 47/NOT_NFKC in FRAGMENT: The IRI is not in Unicode Normal Form KC.

2018-01-10 15:46:48
[WARN]-[Thread: main]-[org.apache.jena.riot.system.ErrorHandlerFactory$ErrorLogger.logWarning()]: [line: 344, col: 59] {W107} Bad URI: <http://ccip.ucas.ac.cn/resource#çˆ±å°šæ¸¸åŒ—äº¬ç§‘æŠ€è‚¡ä»½æœ‰é™å…¬å¸ä¸‹æ¸¸å®¢æˆ·ï¼šç‚«å½©äº’åŠ¨ç½‘ç»œç§‘æŠ€æœ‰é™å…¬å¸> Code: 56/COMPATIBILITY_CHARACTER in FRAGMENT: Bad character

2018-01-10 15:46:48
[WARN]-[Thread: main]-[org.apache.jena.riot.system.ErrorHandlerFactory$ErrorLogger.logWarning()]: [line: 348, col: 64] {W107} Bad URI: <http://ccip.ucas.ac.cn/resource#çˆ±å°šæ¸¸åŒ—äº¬ç§‘æŠ€è‚¡ä»½æœ‰é™å…¬å¸ä¸‹æ¸¸å®¢æˆ·ï¼šæ·±åœ³å¸‚æ‚¦ä¼—æ™ºåˆç½‘ç»œä¼ åª’æœ‰é™å…¬å¸> Code: 47/NOT_NFKC in FRAGMENT: The IRI is not in Unicode Normal Form KC.

2018-01-10 15:46:48
[WARN]-[Thread: main]-[org.apache.jena.riot.system.ErrorHandlerFactory$ErrorLogger.logWarning()]: [line: 348, col: 64] {W107} Bad URI: <http://ccip.ucas.ac.cn/resource#çˆ±å°šæ¸¸åŒ—äº¬ç§‘æŠ€è‚¡ä»½æœ‰é™å…¬å¸ä¸‹æ¸¸å®¢æˆ·ï¼šæ·±åœ³å¸‚æ‚¦ä¼—æ™ºåˆç½‘ç»œä¼ åª’æœ‰é™å…¬å¸> Code: 56/COMPATIBILITY_CHARACTER in FRAGMENT: Bad character

2018-01-10 15:46:48
[WARN]-[Thread: main]-[org.apache.jena.riot.system.ErrorHandlerFactory$ErrorLogger.logWarning()]: [line: 352, col: 61] {W107} Bad URI: <http://ccip.ucas.ac.cn/resource#çˆ±å°šæ¸¸åŒ—äº¬ç§‘æŠ€è‚¡ä»½æœ‰é™å…¬å¸ä¸‹æ¸¸å®¢æˆ·ï¼šæ·±åœ³å¹¿ä¿¡ç½‘ç»œä¼ åª’æœ‰é™å…¬å¸> Code: 47/NOT_NFKC in FRAGMENT: The IRI is not in Unicode Normal Form KC.

2018-01-10 15:46:48
[WARN]-[Thread: main]-[org.apache.jena.riot.system.ErrorHandlerFactory$ErrorLogger.logWarning()]: [line: 352, col: 61] {W107} Bad URI: <http://ccip.ucas.ac.cn/resource#çˆ±å°šæ¸¸åŒ—äº¬ç§‘æŠ€è‚¡ä»½æœ‰é™å…¬å¸ä¸‹æ¸¸å®¢æˆ·ï¼šæ·±åœ³å¹¿ä¿¡ç½‘ç»œä¼ åª’æœ‰é™å…¬å¸> Code: 56/COMPATIBILITY_CHARACTER in FRAGMENT: Bad character

2018-01-10 15:46:48
[WARN]-[Thread: main]-[org.apache.jena.riot.system.ErrorHandlerFactory$ErrorLogger.logWarning()]: [line: 369, col: 53] {W107} Bad URI: <http://ccip.ucas.ac.cn/resource#çˆ±å°šæ¸¸åŒ—äº¬ç§‘æŠ€è‚¡ä»½æœ‰é™å…¬å¸ä¸»è¥ä¸šåŠ¡ï¼ˆäº§å“ï¼‰> Code: 47/NOT_NFKC in FRAGMENT: The IRI is not in Unicode Normal Form KC.

2018-01-10 15:46:48
[WARN]-[Thread: main]-[org.apache.jena.riot.system.ErrorHandlerFactory$ErrorLogger.logWarning()]: [line: 369, col: 53] {W107} Bad URI: <http://ccip.ucas.ac.cn/resource#çˆ±å°šæ¸¸åŒ—äº¬ç§‘æŠ€è‚¡ä»½æœ‰é™å…¬å¸ä¸»è¥ä¸šåŠ¡ï¼ˆäº§å“ï¼‰> Code: 56/COMPATIBILITY_CHARACTER in FRAGMENT: Bad character

2018-01-10 15:46:48
[WARN]-[Thread: main]-[org.apache.jena.riot.system.ErrorHandlerFactory$ErrorLogger.logWarning()]: [line: 717, col: 61] {W107} Bad URI: <http://ccip.ucas.ac.cn/resource#çˆ±å°šæ¸¸åŒ—äº¬ç§‘æŠ€è‚¡ä»½æœ‰é™å…¬å¸2013å¹´èµ„äº§è´Ÿå€ºè¡¨ï¼ˆèµ„äº§ï¼‰> Code: 47/NOT_NFKC in FRAGMENT: The IRI is not in Unicode Normal Form KC.

2018-01-10 15:46:48
[WARN]-[Thread: main]-[org.apache.jena.riot.system.ErrorHandlerFactory$ErrorLogger.logWarning()]: [line: 717, col: 61] {W107} Bad URI: <http://ccip.ucas.ac.cn/resource#çˆ±å°šæ¸¸åŒ—äº¬ç§‘æŠ€è‚¡ä»½æœ‰é™å…¬å¸2013å¹´èµ„äº§è´Ÿå€ºè¡¨ï¼ˆèµ„äº§ï¼‰> Code: 56/COMPATIBILITY_CHARACTER in FRAGMENT: Bad character

2018-01-10 15:46:48
[WARN]-[Thread: main]-[org.apache.jena.riot.system.ErrorHandlerFactory$ErrorLogger.logWarning()]: [line: 754, col: 61] {W107} Bad URI: <http://ccip.ucas.ac.cn/resource#çˆ±å°šæ¸¸åŒ—äº¬ç§‘æŠ€è‚¡ä»½æœ‰é™å…¬å¸2014å¹´èµ„äº§è´Ÿå€ºè¡¨ï¼ˆèµ„äº§ï¼‰> Code: 47/NOT_NFKC in FRAGMENT: The IRI is not in Unicode Normal Form KC.

2018-01-10 15:46:48
[WARN]-[Thread: main]-[org.apache.jena.riot.system.ErrorHandlerFactory$ErrorLogger.logWarning()]: [line: 754, col: 61] {W107} Bad URI: <http://ccip.ucas.ac.cn/resource#çˆ±å°šæ¸¸åŒ—äº¬ç§‘æŠ€è‚¡ä»½æœ‰é™å…¬å¸2014å¹´èµ„äº§è´Ÿå€ºè¡¨ï¼ˆèµ„äº§ï¼‰> Code: 56/COMPATIBILITY_CHARACTER in FRAGMENT: Bad character

2018-01-10 15:46:48
[WARN]-[Thread: main]-[org.apache.jena.riot.system.ErrorHandlerFactory$ErrorLogger.logWarning()]: [line: 791, col: 62] {W107} Bad URI: <http://ccip.ucas.ac.cn/resource#çˆ±å°šæ¸¸åŒ—äº¬ç§‘æŠ€è‚¡ä»½æœ‰é™å…¬å¸2015å¹´èµ„äº§è´Ÿå€ºè¡¨ï¼ˆèµ„äº§ï¼‰> Code: 47/NOT_NFKC in FRAGMENT: The IRI is not in Unicode Normal Form KC.

2018-01-10 15:46:48
[WARN]-[Thread: main]-[org.apache.jena.riot.system.ErrorHandlerFactory$ErrorLogger.logWarning()]: [line: 791, col: 62] {W107} Bad URI: <http://ccip.ucas.ac.cn/resource#çˆ±å°šæ¸¸åŒ—äº¬ç§‘æŠ€è‚¡ä»½æœ‰é™å…¬å¸2015å¹´èµ„äº§è´Ÿå€ºè¡¨ï¼ˆèµ„äº§ï¼‰> Code: 56/COMPATIBILITY_CHARACTER in FRAGMENT: Bad character

2018-01-10 15:46:48
[WARN]-[Thread: main]-[org.apache.jena.riot.system.ErrorHandlerFactory$ErrorLogger.logWarning()]: [line: 829, col: 73] {W107} Bad URI: <http://ccip.ucas.ac.cn/resource#çˆ±å°šæ¸¸åŒ—äº¬ç§‘æŠ€è‚¡ä»½æœ‰é™å…¬å¸2013å¹´èµ„äº§è´Ÿå€ºè¡¨ï¼ˆè´Ÿå€ºåŠæ‰€æœ‰è€…æƒç›Šï¼‰> Code: 47/NOT_NFKC in FRAGMENT: The IRI is not in Unicode Normal Form KC.

2018-01-10 15:46:48
[WARN]-[Thread: main]-[org.apache.jena.riot.system.ErrorHandlerFactory$ErrorLogger.logWarning()]: [line: 829, col: 73] {W107} Bad URI: <http://ccip.ucas.ac.cn/resource#çˆ±å°šæ¸¸åŒ—äº¬ç§‘æŠ€è‚¡ä»½æœ‰é™å…¬å¸2013å¹´èµ„äº§è´Ÿå€ºè¡¨ï¼ˆè´Ÿå€ºåŠæ‰€æœ‰è€…æƒç›Šï¼‰> Code: 56/COMPATIBILITY_CHARACTER in FRAGMENT: Bad character

2018-01-10 15:46:48
[WARN]-[Thread: main]-[org.apache.jena.riot.system.ErrorHandlerFactory$ErrorLogger.logWarning()]: [line: 869, col: 73] {W107} Bad URI: <http://ccip.ucas.ac.cn/resource#çˆ±å°šæ¸¸åŒ—äº¬ç§‘æŠ€è‚¡ä»½æœ‰é™å…¬å¸2014å¹´èµ„äº§è´Ÿå€ºè¡¨ï¼ˆè´Ÿå€ºåŠæ‰€æœ‰è€…æƒç›Šï¼‰> Code: 47/NOT_NFKC in FRAGMENT: The IRI is not in Unicode Normal Form KC.

2018-01-10 15:46:48
[WARN]-[Thread: main]-[org.apache.jena.riot.system.ErrorHandlerFactory$ErrorLogger.logWarning()]: [line: 869, col: 73] {W107} Bad URI: <http://ccip.ucas.ac.cn/resource#çˆ±å°šæ¸¸åŒ—äº¬ç§‘æŠ€è‚¡ä»½æœ‰é™å…¬å¸2014å¹´èµ„äº§è´Ÿå€ºè¡¨ï¼ˆè´Ÿå€ºåŠæ‰€æœ‰è€…æƒç›Šï¼‰> Code: 56/COMPATIBILITY_CHARACTER in FRAGMENT: Bad character

2018-01-10 15:46:48
[WARN]-[Thread: main]-[org.apache.jena.riot.system.ErrorHandlerFactory$ErrorLogger.logWarning()]: [line: 910, col: 73] {W107} Bad URI: <http://ccip.ucas.ac.cn/resource#çˆ±å°šæ¸¸åŒ—äº¬ç§‘æŠ€è‚¡ä»½æœ‰é™å…¬å¸2015å¹´èµ„äº§è´Ÿå€ºè¡¨ï¼ˆè´Ÿå€ºåŠæ‰€æœ‰è€…æƒç›Šï¼‰> Code: 47/NOT_NFKC in FRAGMENT: The IRI is not in Unicode Normal Form KC.

2018-01-10 15:46:48
[WARN]-[Thread: main]-[org.apache.jena.riot.system.ErrorHandlerFactory$ErrorLogger.logWarning()]: [line: 910, col: 73] {W107} Bad URI: <http://ccip.ucas.ac.cn/resource#çˆ±å°šæ¸¸åŒ—äº¬ç§‘æŠ€è‚¡ä»½æœ‰é™å…¬å¸2015å¹´èµ„äº§è´Ÿå€ºè¡¨ï¼ˆè´Ÿå€ºåŠæ‰€æœ‰è€…æƒç›Šï¼‰> Code: 56/COMPATIBILITY_CHARACTER in FRAGMENT: Bad character

2018-01-10 15:46:48
[WARN]-[Thread: main]-[org.apache.jena.riot.system.ErrorHandlerFactory$ErrorLogger.logWarning()]: [line: 1064, col: 54] {W108} Not an XML Name: '2013å¹´çˆ±å°šæ¸¸åŒ—äº¬ç§‘æŠ€è‚¡ä»½æœ‰é™å…¬å¸ç°é‡‘æµé‡è¡¨'

2018-01-10 15:46:48
[WARN]-[Thread: main]-[org.apache.jena.riot.system.ErrorHandlerFactory$ErrorLogger.logWarning()]: [line: 1103, col: 53] {W108} Not an XML Name: '2014å¹´çˆ±å°šæ¸¸åŒ—äº¬ç§‘æŠ€è‚¡ä»½æœ‰é™å…¬å¸ç°é‡‘æµé‡è¡¨'

2018-01-10 15:46:48
[WARN]-[Thread: main]-[org.apache.jena.riot.system.ErrorHandlerFactory$ErrorLogger.logWarning()]: [line: 1143, col: 55] {W108} Not an XML Name: '2015å¹´çˆ±å°šæ¸¸åŒ—äº¬ç§‘æŠ€è‚¡ä»½æœ‰é™å…¬å¸ç°é‡‘æµé‡è¡¨'
